{"/Users/davidecutrino/workspace/techtests/watchtowr/src/cli.ts": {"path":"/Users/davidecutrino/workspace/techtests/watchtowr/src/cli.ts","statementMap":{"0":{"start":{"line":1,"column":0},"end":{"line":1,"column":32}},"1":{"start":{"line":2,"column":0},"end":{"line":2,"column":39}},"2":{"start":{"line":4,"column":15},"end":{"line":25,"column":20}},"3":{"start":{"line":17,"column":40},"end":{"line":23,"column":null}},"4":{"start":{"line":18,"column":12},"end":{"line":22,"column":13}},"5":{"start":{"line":19,"column":16},"end":{"line":19,"column":43}},"6":{"start":{"line":27,"column":0},"end":{"line":29,"column":5}},"7":{"start":{"line":27,"column":12},"end":{"line":29,"column":2}},"8":{"start":{"line":28,"column":17},"end":{"line":28,"column":37}}},"fnMap":{"0":{"name":"(anonymous_0)","decl":{"start":{"line":17,"column":17},"end":{"line":17,"column":24}},"loc":{"start":{"line":17,"column":40},"end":{"line":23,"column":null}}},"1":{"name":"(anonymous_1)","decl":{"start":{"line":17,"column":40},"end":{"line":17,"column":null}},"loc":{"start":{"line":17,"column":36},"end":{"line":23,"column":9}}},"2":{"name":"(anonymous_2)","decl":{"start":{"line":27,"column":1},"end":{"line":27,"column":10}},"loc":{"start":{"line":27,"column":12},"end":{"line":29,"column":2}}},"3":{"name":"(anonymous_3)","decl":{"start":{"line":27,"column":12},"end":{"line":27,"column":null}},"loc":{"start":{"line":27,"column":12},"end":{"line":29,"column":1}}}},"branchMap":{},"s":{"0":0,"1":0,"2":0,"3":0,"4":0,"5":0,"6":0,"7":0,"8":0},"f":{"0":0,"1":0,"2":0,"3":0},"b":{}}
,"/Users/davidecutrino/workspace/techtests/watchtowr/src/command/dnsRefresh.ts": {"path":"/Users/davidecutrino/workspace/techtests/watchtowr/src/command/dnsRefresh.ts","statementMap":{"0":{"start":{"line":1,"column":0},"end":{"line":1,"column":33}},"1":{"start":{"line":3,"column":0},"end":{"line":3,"column":51}},"2":{"start":{"line":6,"column":26},"end":{"line":27,"column":2}},"3":{"start":{"line":6,"column":68},"end":{"line":27,"column":2}},"4":{"start":{"line":7,"column":4},"end":{"line":9,"column":5}},"5":{"start":{"line":8,"column":8},"end":{"line":8,"column":49}},"6":{"start":{"line":11,"column":15},"end":{"line":14,"column":6}},"7":{"start":{"line":16,"column":4},"end":{"line":16,"column":20}},"8":{"start":{"line":18,"column":19},"end":{"line":18,"column":59}},"9":{"start":{"line":20,"column":16},"end":{"line":20,"column":32}},"10":{"start":{"line":21,"column":21},"end":{"line":21,"column":55}},"11":{"start":{"line":23,"column":4},"end":{"line":23,"column":31}},"12":{"start":{"line":24,"column":4},"end":{"line":24,"column":23}},"13":{"start":{"line":26,"column":4},"end":{"line":26,"column":58}},"14":{"start":{"line":6,"column":13},"end":{"line":6,"column":26}},"15":{"start":{"line":29,"column":28},"end":{"line":44,"column":1}},"16":{"start":{"line":33,"column":42},"end":{"line":36,"column":6}},"17":{"start":{"line":38,"column":4},"end":{"line":41,"column":5}},"18":{"start":{"line":39,"column":8},"end":{"line":39,"column":33}},"19":{"start":{"line":40,"column":15},"end":{"line":40,"column":38}},"20":{"start":{"line":43,"column":4},"end":{"line":43,"column":18}},"21":{"start":{"line":29,"column":13},"end":{"line":29,"column":28}}},"fnMap":{"0":{"name":"(anonymous_0)","decl":{"start":{"line":6,"column":26},"end":{"line":6,"column":33}},"loc":{"start":{"line":6,"column":68},"end":{"line":27,"column":2}}},"1":{"name":"(anonymous_1)","decl":{"start":{"line":6,"column":68},"end":{"line":6,"column":null}},"loc":{"start":{"line":6,"column":68},"end":{"line":27,"column":1}}},"2":{"name":"(anonymous_2)","decl":{"start":{"line":29,"column":28},"end":{"line":29,"column":null}},"loc":{"start":{"line":32,"column":27},"end":{"line":44,"column":1}}}},"branchMap":{"0":{"loc":{"start":{"line":7,"column":4},"end":{"line":9,"column":5}},"type":"if","locations":[{"start":{"line":7,"column":4},"end":{"line":9,"column":5}}]},"1":{"loc":{"start":{"line":34,"column":22},"end":{"line":34,"column":43}},"type":"cond-expr","locations":[{"start":{"line":34,"column":34},"end":{"line":34,"column":36}},{"start":{"line":34,"column":22},"end":{"line":34,"column":43}}]},"2":{"loc":{"start":{"line":34,"column":22},"end":{"line":34,"column":36}},"type":"binary-expr","locations":[{"start":{"line":34,"column":22},"end":{"line":34,"column":36}},{"start":{"line":34,"column":22},"end":{"line":34,"column":36}}]},"3":{"loc":{"start":{"line":34,"column":48},"end":{"line":34,"column":68}},"type":"cond-expr","locations":[{"start":{"line":34,"column":60},"end":{"line":34,"column":62}},{"start":{"line":34,"column":48},"end":{"line":34,"column":68}}]},"4":{"loc":{"start":{"line":34,"column":48},"end":{"line":34,"column":62}},"type":"binary-expr","locations":[{"start":{"line":34,"column":48},"end":{"line":34,"column":62}},{"start":{"line":34,"column":48},"end":{"line":34,"column":62}}]},"5":{"loc":{"start":{"line":40,"column":15},"end":{"line":40,"column":37}},"type":"cond-expr","locations":[{"start":{"line":40,"column":29},"end":{"line":40,"column":32}},{"start":{"line":40,"column":29},"end":{"line":40,"column":37}}]},"6":{"loc":{"start":{"line":40,"column":15},"end":{"line":40,"column":32}},"type":"binary-expr","locations":[{"start":{"line":40,"column":15},"end":{"line":40,"column":32}},{"start":{"line":40,"column":29},"end":{"line":40,"column":32}}]}},"s":{"0":1,"1":1,"2":1,"3":0,"4":0,"5":0,"6":0,"7":0,"8":0,"9":0,"10":0,"11":0,"12":0,"13":0,"14":1,"15":1,"16":5,"17":5,"18":7,"19":7,"20":5,"21":1},"f":{"0":0,"1":0,"2":5},"b":{"0":[0],"1":[0,5],"2":[5,5],"3":[0,5],"4":[5,5],"5":[0,7],"6":[7,7]}}
,"/Users/davidecutrino/workspace/techtests/watchtowr/src/lib/Storage.ts": {"path":"/Users/davidecutrino/workspace/techtests/watchtowr/src/lib/Storage.ts","statementMap":{"0":{"start":{"line":1,"column":0},"end":{"line":1,"column":32}},"1":{"start":{"line":2,"column":0},"end":{"line":2,"column":36}},"2":{"start":{"line":3,"column":0},"end":{"line":3,"column":56}},"3":{"start":{"line":10,"column":23},"end":{"line":10,"column":72}},"4":{"start":{"line":10,"column":38},"end":{"line":10,"column":72}},"5":{"start":{"line":15,"column":26},"end":{"line":15,"column":47}},"6":{"start":{"line":18,"column":27},"end":{"line":18,"column":55}},"7":{"start":{"line":20,"column":8},"end":{"line":22,"column":9}},"8":{"start":{"line":21,"column":12},"end":{"line":21,"column":31}},"9":{"start":{"line":24,"column":21},"end":{"line":24,"column":71}},"10":{"start":{"line":26,"column":8},"end":{"line":30,"column":9}},"11":{"start":{"line":27,"column":12},"end":{"line":27,"column":41}},"12":{"start":{"line":29,"column":12},"end":{"line":29,"column":20}},"13":{"start":{"line":33,"column":25},"end":{"line":37,"column":null}},"14":{"start":{"line":34,"column":8},"end":{"line":34,"column":53}},"15":{"start":{"line":35,"column":21},"end":{"line":35,"column":95}},"16":{"start":{"line":36,"column":8},"end":{"line":36,"column":53}},"17":{"start":{"line":40,"column":8},"end":{"line":40,"column":28}},"18":{"start":{"line":44,"column":8},"end":{"line":44,"column":25}},"19":{"start":{"line":12,"column":0},"end":{"line":12,"column":13}}},"fnMap":{"0":{"name":"(anonymous_0)","decl":{"start":{"line":10,"column":23},"end":{"line":10,"column":24}},"loc":{"start":{"line":10,"column":38},"end":{"line":10,"column":72}}},"1":{"name":"(anonymous_1)","decl":{"start":{"line":15,"column":4},"end":{"line":15,"column":26}},"loc":{"start":{"line":15,"column":47},"end":{"line":15,"column":51}}},"2":{"name":"(anonymous_2)","decl":{"start":{"line":17,"column":17},"end":{"line":17,"column":21}},"loc":{"start":{"line":17,"column":21},"end":{"line":31,"column":null}}},"3":{"name":"(anonymous_4)","decl":{"start":{"line":33,"column":17},"end":{"line":33,"column":24}},"loc":{"start":{"line":33,"column":24},"end":{"line":37,"column":null}}},"4":{"name":"(anonymous_5)","decl":{"start":{"line":33,"column":25},"end":{"line":33,"column":35}},"loc":{"start":{"line":33,"column":43},"end":{"line":37,"column":5}}},"5":{"name":"(anonymous_6)","decl":{"start":{"line":39,"column":11},"end":{"line":39,"column":14}},"loc":{"start":{"line":39,"column":25},"end":{"line":41,"column":5}}},"6":{"name":"(anonymous_7)","decl":{"start":{"line":43,"column":11},"end":{"line":43,"column":14}},"loc":{"start":{"line":43,"column":40},"end":{"line":45,"column":5}}}},"branchMap":{"0":{"loc":{"start":{"line":20,"column":8},"end":{"line":22,"column":9}},"type":"if","locations":[{"start":{"line":20,"column":8},"end":{"line":22,"column":9}}]},"1":{"loc":{"start":{"line":33,"column":25},"end":{"line":33,"column":43}},"type":"default-arg","locations":[{"start":{"line":33,"column":38},"end":{"line":33,"column":43}}]},"2":{"loc":{"start":{"line":35,"column":36},"end":{"line":35,"column":85}},"type":"cond-expr","locations":[{"start":{"line":35,"column":49},"end":{"line":35,"column":73}},{"start":{"line":35,"column":76},"end":{"line":35,"column":85}}]}},"s":{"0":2,"1":2,"2":2,"3":2,"4":0,"5":1,"6":1,"7":1,"8":0,"9":1,"10":1,"11":1,"12":0,"13":0,"14":0,"15":0,"16":0,"17":0,"18":1,"19":2},"f":{"0":0,"1":1,"2":1,"3":0,"4":0,"5":0,"6":1},"b":{"0":[0],"1":[0],"2":[0,0]}}
,"/Users/davidecutrino/workspace/techtests/watchtowr/src/lib/utils.ts": {"path":"/Users/davidecutrino/workspace/techtests/watchtowr/src/lib/utils.ts","statementMap":{"0":{"start":{"line":1,"column":0},"end":{"line":1,"column":41}},"1":{"start":{"line":2,"column":0},"end":{"line":2,"column":33}},"2":{"start":{"line":4,"column":13},"end":{"line":4,"column":49}},"3":{"start":{"line":5,"column":13},"end":{"line":5,"column":51}}},"fnMap":{},"branchMap":{},"s":{"0":1,"1":1,"2":1,"3":1},"f":{},"b":{}}
,"/Users/davidecutrino/workspace/techtests/watchtowr/src/service/DnsService.ts": {"path":"/Users/davidecutrino/workspace/techtests/watchtowr/src/service/DnsService.ts","statementMap":{"0":{"start":{"line":1,"column":0},"end":{"line":1,"column":26}},"1":{"start":{"line":4,"column":16},"end":{"line":4,"column":40}},"2":{"start":{"line":5,"column":13},"end":{"line":5,"column":40}},"3":{"start":{"line":9,"column":23},"end":{"line":9,"column":63}},"4":{"start":{"line":10,"column":8},"end":{"line":10,"column":58}},"5":{"start":{"line":7,"column":0},"end":{"line":7,"column":13}}},"fnMap":{"0":{"name":"(anonymous_0)","decl":{"start":{"line":8,"column":17},"end":{"line":8,"column":24}},"loc":{"start":{"line":8,"column":37},"end":{"line":11,"column":null}}}},"branchMap":{},"s":{"0":2,"1":2,"2":2,"3":1,"4":1,"5":2},"f":{"0":1},"b":{}}
,"/Users/davidecutrino/workspace/techtests/watchtowr/src/types/DomainDnsData.ts": {"path":"/Users/davidecutrino/workspace/techtests/watchtowr/src/types/DomainDnsData.ts","statementMap":{"0":{"start":{"line":18,"column":8},"end":{"line":18,"column":34}},"1":{"start":{"line":16,"column":0},"end":{"line":16,"column":13}}},"fnMap":{"0":{"name":"(anonymous_0)","decl":{"start":{"line":17,"column":4},"end":{"line":17,"column":16}},"loc":{"start":{"line":17,"column":44},"end":{"line":19,"column":5}}}},"branchMap":{},"s":{"0":0,"1":0},"f":{"0":0},"b":{}}
}
